  1041.c
C:\Users\sytwj\OneDrive\Desktop\MAILMAIL\EverydayProgramming\Project\Project\1041.c(4,25): warning C4244: 'return': '__int64'에서 'int'(으)로 변환하면서 데이터가 손실될 수 있습니다.
C:\Users\sytwj\OneDrive\Desktop\MAILMAIL\EverydayProgramming\Project\Project\1041.c(8,10): warning C4477: 'scanf_s' : 서식 문자열 '%d'에 'int *' 형식의 인수가 필요하지만 variadic 인수 1의 형식이 '__int64 *'입니다.
  C:\Users\sytwj\OneDrive\Desktop\MAILMAIL\EverydayProgramming\Project\Project\1041.c(8,10):
  서식 문자열에서 '%lld'을(를) 사용하는 것이 좋습니다.
  C:\Users\sytwj\OneDrive\Desktop\MAILMAIL\EverydayProgramming\Project\Project\1041.c(8,10):
  서식 문자열에서 '%Id'을(를) 사용하는 것이 좋습니다.
  C:\Users\sytwj\OneDrive\Desktop\MAILMAIL\EverydayProgramming\Project\Project\1041.c(8,10):
  서식 문자열에서 '%I64d'을(를) 사용하는 것이 좋습니다.
  
C:\Users\sytwj\OneDrive\Desktop\MAILMAIL\EverydayProgramming\Project\Project\1041.c(17,11): warning C4477: 'scanf_s' : 서식 문자열 '%d'에 'int *' 형식의 인수가 필요하지만 variadic 인수 1의 형식이 '__int64 *'입니다.
  C:\Users\sytwj\OneDrive\Desktop\MAILMAIL\EverydayProgramming\Project\Project\1041.c(17,11):
  서식 문자열에서 '%lld'을(를) 사용하는 것이 좋습니다.
  C:\Users\sytwj\OneDrive\Desktop\MAILMAIL\EverydayProgramming\Project\Project\1041.c(17,11):
  서식 문자열에서 '%Id'을(를) 사용하는 것이 좋습니다.
  C:\Users\sytwj\OneDrive\Desktop\MAILMAIL\EverydayProgramming\Project\Project\1041.c(17,11):
  서식 문자열에서 '%I64d'을(를) 사용하는 것이 좋습니다.
  
C:\Users\sytwj\OneDrive\Desktop\MAILMAIL\EverydayProgramming\Project\Project\1041.c(21,27): warning C4244: '=': '__int64'에서 'int'(으)로 변환하면서 데이터가 손실될 수 있습니다.
C:\Users\sytwj\OneDrive\Desktop\MAILMAIL\EverydayProgramming\Project\Project\1041.c(22,27): warning C4244: '=': '__int64'에서 'int'(으)로 변환하면서 데이터가 손실될 수 있습니다.
C:\Users\sytwj\OneDrive\Desktop\MAILMAIL\EverydayProgramming\Project\Project\1041.c(23,27): warning C4244: '=': '__int64'에서 'int'(으)로 변환하면서 데이터가 손실될 수 있습니다.
C:\Users\sytwj\OneDrive\Desktop\MAILMAIL\EverydayProgramming\Project\Project\1041.c(24,27): warning C4244: '=': '__int64'에서 'int'(으)로 변환하면서 데이터가 손실될 수 있습니다.
C:\Users\sytwj\OneDrive\Desktop\MAILMAIL\EverydayProgramming\Project\Project\1041.c(25,27): warning C4244: '=': '__int64'에서 'int'(으)로 변환하면서 데이터가 손실될 수 있습니다.
C:\Users\sytwj\OneDrive\Desktop\MAILMAIL\EverydayProgramming\Project\Project\1041.c(26,27): warning C4244: '=': '__int64'에서 'int'(으)로 변환하면서 데이터가 손실될 수 있습니다.
C:\Users\sytwj\OneDrive\Desktop\MAILMAIL\EverydayProgramming\Project\Project\1041.c(27,27): warning C4244: '=': '__int64'에서 'int'(으)로 변환하면서 데이터가 손실될 수 있습니다.
C:\Users\sytwj\OneDrive\Desktop\MAILMAIL\EverydayProgramming\Project\Project\1041.c(28,27): warning C4244: '=': '__int64'에서 'int'(으)로 변환하면서 데이터가 손실될 수 있습니다.
C:\Users\sytwj\OneDrive\Desktop\MAILMAIL\EverydayProgramming\Project\Project\1041.c(36,11): warning C4267: '=': 'size_t'에서 'int'(으)로 변환하면서 데이터가 손실될 수 있습니다.
  Project.vcxproj -> C:\Users\sytwj\OneDrive\Desktop\MAILMAIL\EverydayProgramming\Project\x64\Debug\Project.exe
